<?xml version="1.0" encoding="UTF-8"?>
<coverage generated="1554205965721" clover="3.2.0">
  <project timestamp="1554205965721" name="All files">
    <metrics statements="124" coveredstatements="111" conditionals="55" coveredconditionals="47" methods="63" coveredmethods="54" elements="242" coveredelements="212" complexity="0" loc="124" ncloc="124" packages="15" files="20" classes="20"/>
    <package name="client">
      <metrics statements="1" coveredstatements="1" conditionals="0" coveredconditionals="0" methods="0" coveredmethods="0"/>
      <file name="utils.js" path="D:\anton-paskanny.github.io\ReactJS-course\src\client\utils.js">
        <metrics statements="1" coveredstatements="1" conditionals="0" coveredconditionals="0" methods="0" coveredmethods="0"/>
        <line num="1" count="8" type="stmt"/>
      </file>
    </package>
    <package name="client.actions">
      <metrics statements="18" coveredstatements="18" conditionals="0" coveredconditionals="0" methods="9" coveredmethods="9"/>
      <file name="movie.js" path="D:\anton-paskanny.github.io\ReactJS-course\src\client\actions\movie.js">
        <metrics statements="8" coveredstatements="8" conditionals="0" coveredconditionals="0" methods="4" coveredmethods="4"/>
        <line num="1" count="4" type="stmt"/>
        <line num="2" count="4" type="stmt"/>
        <line num="3" count="4" type="stmt"/>
        <line num="4" count="4" type="stmt"/>
        <line num="6" count="12" type="stmt"/>
        <line num="11" count="4" type="stmt"/>
        <line num="16" count="4" type="stmt"/>
        <line num="21" count="4" type="stmt"/>
      </file>
      <file name="movies.js" path="D:\anton-paskanny.github.io\ReactJS-course\src\client\actions\movies.js">
        <metrics statements="10" coveredstatements="10" conditionals="0" coveredconditionals="0" methods="5" coveredmethods="5"/>
        <line num="1" count="3" type="stmt"/>
        <line num="2" count="3" type="stmt"/>
        <line num="3" count="3" type="stmt"/>
        <line num="4" count="3" type="stmt"/>
        <line num="5" count="3" type="stmt"/>
        <line num="7" count="3" type="stmt"/>
        <line num="12" count="3" type="stmt"/>
        <line num="17" count="3" type="stmt"/>
        <line num="22" count="3" type="stmt"/>
        <line num="27" count="3" type="stmt"/>
      </file>
    </package>
    <package name="client.components">
      <metrics statements="2" coveredstatements="2" conditionals="0" coveredconditionals="0" methods="1" coveredmethods="1"/>
      <file name="App.js" path="D:\anton-paskanny.github.io\ReactJS-course\src\client\components\App.js">
        <metrics statements="2" coveredstatements="2" conditionals="0" coveredconditionals="0" methods="1" coveredmethods="1"/>
        <line num="9" count="1" type="stmt"/>
        <line num="10" count="1" type="stmt"/>
      </file>
    </package>
    <package name="client.components.MovieResults">
      <metrics statements="32" coveredstatements="22" conditionals="23" coveredconditionals="15" methods="13" coveredmethods="10"/>
      <file name="MovieResults.js" path="D:\anton-paskanny.github.io\ReactJS-course\src\client\components\MovieResults\MovieResults.js">
        <metrics statements="32" coveredstatements="22" conditionals="23" coveredconditionals="15" methods="13" coveredmethods="10"/>
        <line num="28" count="5" type="stmt"/>
        <line num="38" count="3" type="cond" truecount="2" falsecount="3"/>
        <line num="39" count="0" type="stmt"/>
        <line num="40" count="0" type="stmt"/>
        <line num="41" count="0" type="stmt"/>
        <line num="46" count="8" type="cond" truecount="2" falsecount="0"/>
        <line num="47" count="1" type="stmt"/>
        <line num="50" count="7" type="cond" truecount="2" falsecount="0"/>
        <line num="51" count="1" type="stmt"/>
        <line num="54" count="6" type="cond" truecount="1" falsecount="1"/>
        <line num="55" count="0" type="cond" truecount="0" falsecount="2"/>
        <line num="59" count="0" type="stmt"/>
        <line num="61" count="0" type="cond" truecount="0" falsecount="2"/>
        <line num="62" count="0" type="stmt"/>
        <line num="65" count="0" type="stmt"/>
        <line num="66" count="0" type="stmt"/>
        <line num="69" count="0" type="stmt"/>
        <line num="75" count="6" type="stmt"/>
        <line num="76" count="6" type="stmt"/>
        <line num="77" count="24" type="stmt"/>
        <line num="82" count="7" type="stmt"/>
        <line num="84" count="6" type="stmt"/>
        <line num="85" count="21" type="cond" truecount="2" falsecount="0"/>
        <line num="86" count="15" type="stmt"/>
        <line num="89" count="6" type="stmt"/>
        <line num="94" count="2" type="cond" truecount="2" falsecount="0"/>
        <line num="95" count="1" type="stmt"/>
        <line num="98" count="1" type="stmt"/>
        <line num="100" count="2" type="cond" truecount="2" falsecount="0"/>
        <line num="101" count="1" type="stmt"/>
        <line num="104" count="1" type="stmt"/>
        <line num="110" count="8" type="stmt"/>
      </file>
    </package>
    <package name="client.components.MovieResults.SortPanel">
      <metrics statements="14" coveredstatements="14" conditionals="12" coveredconditionals="12" methods="6" coveredmethods="6"/>
      <file name="SortPanel.js" path="D:\anton-paskanny.github.io\ReactJS-course\src\client\components\MovieResults\SortPanel\SortPanel.js">
        <metrics statements="14" coveredstatements="14" conditionals="12" coveredconditionals="12" methods="6" coveredmethods="6"/>
        <line num="6" count="3" type="stmt"/>
        <line num="8" count="10" type="stmt"/>
        <line num="9" count="7" type="stmt"/>
        <line num="10" count="14" type="stmt"/>
        <line num="17" count="10" type="stmt"/>
        <line num="18" count="7" type="stmt"/>
        <line num="26" count="10" type="stmt"/>
        <line num="27" count="9" type="cond" truecount="2" falsecount="0"/>
        <line num="28" count="3" type="stmt"/>
        <line num="30" count="2" type="cond" truecount="2" falsecount="0"/>
        <line num="33" count="7" type="cond" truecount="2" falsecount="0"/>
        <line num="37" count="10" type="cond" truecount="2" falsecount="0"/>
        <line num="38" count="1" type="stmt"/>
        <line num="41" count="9" type="stmt"/>
      </file>
    </package>
    <package name="client.components.footer">
      <metrics statements="2" coveredstatements="2" conditionals="0" coveredconditionals="0" methods="1" coveredmethods="1"/>
      <file name="Footer.js" path="D:\anton-paskanny.github.io\ReactJS-course\src\client\components\footer\Footer.js">
        <metrics statements="2" coveredstatements="2" conditionals="0" coveredconditionals="0" methods="1" coveredmethods="1"/>
        <line num="5" count="2" type="stmt"/>
        <line num="6" count="1" type="stmt"/>
      </file>
    </package>
    <package name="client.components.header">
      <metrics statements="4" coveredstatements="4" conditionals="0" coveredconditionals="0" methods="2" coveredmethods="2"/>
      <file name="Header.js" path="D:\anton-paskanny.github.io\ReactJS-course\src\client\components\header\Header.js">
        <metrics statements="2" coveredstatements="2" conditionals="0" coveredconditionals="0" methods="1" coveredmethods="1"/>
        <line num="7" count="2" type="stmt"/>
        <line num="8" count="1" type="stmt"/>
      </file>
      <file name="HeaderDetail.js" path="D:\anton-paskanny.github.io\ReactJS-course\src\client\components\header\HeaderDetail.js">
        <metrics statements="2" coveredstatements="2" conditionals="0" coveredconditionals="0" methods="1" coveredmethods="1"/>
        <line num="8" count="2" type="stmt"/>
        <line num="9" count="3" type="stmt"/>
      </file>
    </package>
    <package name="client.components.movie">
      <metrics statements="5" coveredstatements="5" conditionals="4" coveredconditionals="4" methods="3" coveredmethods="3"/>
      <file name="Movie.js" path="D:\anton-paskanny.github.io\ReactJS-course\src\client\components\movie\Movie.js">
        <metrics statements="5" coveredstatements="5" conditionals="4" coveredconditionals="4" methods="3" coveredmethods="3"/>
        <line num="6" count="3" type="stmt"/>
        <line num="7" count="2" type="stmt"/>
        <line num="10" count="2" type="cond" truecount="2" falsecount="0"/>
        <line num="11" count="4" type="cond" truecount="2" falsecount="0"/>
        <line num="20" count="2" type="stmt"/>
      </file>
    </package>
    <package name="client.components.movie.MovieDetail">
      <metrics statements="11" coveredstatements="11" conditionals="8" coveredconditionals="8" methods="7" coveredmethods="7"/>
      <file name="MovieDetail.js" path="D:\anton-paskanny.github.io\ReactJS-course\src\client\components\movie\MovieDetail\MovieDetail.js">
        <metrics statements="11" coveredstatements="11" conditionals="8" coveredconditionals="8" methods="7" coveredmethods="7"/>
        <line num="11" count="6" type="stmt"/>
        <line num="15" count="2" type="cond" truecount="2" falsecount="0"/>
        <line num="16" count="1" type="stmt"/>
        <line num="21" count="1" type="stmt"/>
        <line num="25" count="6" type="cond" truecount="2" falsecount="0"/>
        <line num="26" count="12" type="stmt"/>
        <line num="31" count="7" type="stmt"/>
        <line num="32" count="7" type="stmt"/>
        <line num="36" count="7" type="cond" truecount="4" falsecount="0"/>
        <line num="38" count="6" type="stmt"/>
        <line num="40" count="6" type="stmt"/>
      </file>
    </package>
    <package name="client.components.search">
      <metrics statements="16" coveredstatements="16" conditionals="6" coveredconditionals="6" methods="6" coveredmethods="6"/>
      <file name="Search.js" path="D:\anton-paskanny.github.io\ReactJS-course\src\client\components\search\Search.js">
        <metrics statements="16" coveredstatements="16" conditionals="6" coveredconditionals="6" methods="6" coveredmethods="6"/>
        <line num="26" count="3" type="stmt"/>
        <line num="32" count="2" type="stmt"/>
        <line num="34" count="2" type="cond" truecount="2" falsecount="0"/>
        <line num="35" count="1" type="stmt"/>
        <line num="38" count="1" type="stmt"/>
        <line num="40" count="2" type="cond" truecount="2" falsecount="0"/>
        <line num="41" count="1" type="stmt"/>
        <line num="44" count="1" type="stmt"/>
        <line num="50" count="2" type="stmt"/>
        <line num="52" count="2" type="cond" truecount="2" falsecount="0"/>
        <line num="53" count="1" type="stmt"/>
        <line num="56" count="1" type="stmt"/>
        <line num="57" count="1" type="stmt"/>
        <line num="58" count="1" type="stmt"/>
        <line num="60" count="1" type="stmt"/>
        <line num="64" count="10" type="stmt"/>
      </file>
    </package>
    <package name="client.components.search.SearchFilter">
      <metrics statements="3" coveredstatements="3" conditionals="2" coveredconditionals="2" methods="3" coveredmethods="3"/>
      <file name="SearchFilter.js" path="D:\anton-paskanny.github.io\ReactJS-course\src\client\components\search\SearchFilter\SearchFilter.js">
        <metrics statements="3" coveredstatements="3" conditionals="2" coveredconditionals="2" methods="3" coveredmethods="3"/>
        <line num="7" count="7" type="stmt"/>
        <line num="8" count="14" type="stmt"/>
        <line num="17" count="7" type="stmt"/>
      </file>
    </package>
    <package name="client.components.search.SearchInput">
      <metrics statements="2" coveredstatements="2" conditionals="0" coveredconditionals="0" methods="1" coveredmethods="1"/>
      <file name="SearchInput.js" path="D:\anton-paskanny.github.io\ReactJS-course\src\client\components\search\SearchInput\SearchInput.js">
        <metrics statements="2" coveredstatements="2" conditionals="0" coveredconditionals="0" methods="1" coveredmethods="1"/>
        <line num="3" count="3" type="stmt"/>
        <line num="4" count="10" type="stmt"/>
      </file>
    </package>
    <package name="client.components.shared.Spinner">
      <metrics statements="1" coveredstatements="1" conditionals="0" coveredconditionals="0" methods="1" coveredmethods="1"/>
      <file name="Spinner.js" path="D:\anton-paskanny.github.io\ReactJS-course\src\client\components\shared\Spinner\Spinner.js">
        <metrics statements="1" coveredstatements="1" conditionals="0" coveredconditionals="0" methods="1" coveredmethods="1"/>
        <line num="6" count="1" type="stmt"/>
      </file>
    </package>
    <package name="client.containers">
      <metrics statements="10" coveredstatements="7" conditionals="0" coveredconditionals="0" methods="10" coveredmethods="4"/>
      <file name="MovieDetail.js" path="D:\anton-paskanny.github.io\ReactJS-course\src\client\containers\MovieDetail.js">
        <metrics statements="4" coveredstatements="4" conditionals="0" coveredconditionals="0" methods="4" coveredmethods="4"/>
        <line num="6" count="6" type="stmt"/>
        <line num="11" count="6" type="stmt"/>
        <line num="13" count="7" type="stmt"/>
        <line num="16" count="1" type="stmt"/>
      </file>
      <file name="MovieResults.js" path="D:\anton-paskanny.github.io\ReactJS-course\src\client\containers\MovieResults.js">
        <metrics statements="4" coveredstatements="2" conditionals="0" coveredconditionals="0" methods="4" coveredmethods="0"/>
        <line num="6" count="1" type="stmt"/>
        <line num="13" count="1" type="stmt"/>
        <line num="15" count="0" type="stmt"/>
        <line num="18" count="0" type="stmt"/>
      </file>
      <file name="Search.js" path="D:\anton-paskanny.github.io\ReactJS-course\src\client\containers\Search.js">
        <metrics statements="2" coveredstatements="1" conditionals="0" coveredconditionals="0" methods="2" coveredmethods="0"/>
        <line num="6" count="2" type="stmt"/>
        <line num="8" count="0" type="stmt"/>
      </file>
    </package>
    <package name="tests.mocks">
      <metrics statements="3" coveredstatements="3" conditionals="0" coveredconditionals="0" methods="0" coveredmethods="0"/>
      <file name="dataMock.js" path="D:\anton-paskanny.github.io\ReactJS-course\src\tests\mocks\dataMock.js">
        <metrics statements="2" coveredstatements="2" conditionals="0" coveredconditionals="0" methods="0" coveredmethods="0"/>
        <line num="1" count="4" type="stmt"/>
        <line num="16" count="4" type="stmt"/>
      </file>
      <file name="styleMock.js" path="D:\anton-paskanny.github.io\ReactJS-course\src\tests\mocks\styleMock.js">
        <metrics statements="1" coveredstatements="1" conditionals="0" coveredconditionals="0" methods="0" coveredmethods="0"/>
        <line num="1" count="9" type="stmt"/>
      </file>
    </package>
  </project>
</coverage>
