{"/Users/anton_paskanny/Documents/Studying/Front-end/anton-paskanny.github.io/ReactJS-course/src/client/utils.js": {"path":"/Users/anton_paskanny/Documents/Studying/Front-end/anton-paskanny.github.io/ReactJS-course/src/client/utils.js","statementMap":{"0":{"start":{"line":1,"column":24},"end":{"line":1,"column":66}}},"fnMap":{},"branchMap":{},"s":{"0":7},"f":{},"b":{},"_coverageSchema":"43e27e138ebf9cfc5966b082cf9a028302ed4184","hash":"19e5c04f02a46615e57525b7868787a6a32149ec"}
,"/Users/anton_paskanny/Documents/Studying/Front-end/anton-paskanny.github.io/ReactJS-course/src/client/actions/movie.js": {"path":"/Users/anton_paskanny/Documents/Studying/Front-end/anton-paskanny.github.io/ReactJS-course/src/client/actions/movie.js","statementMap":{"0":{"start":{"line":1,"column":27},"end":{"line":1,"column":40}},"1":{"start":{"line":2,"column":35},"end":{"line":2,"column":56}},"2":{"start":{"line":3,"column":33},"end":{"line":3,"column":52}},"3":{"start":{"line":4,"column":27},"end":{"line":4,"column":40}},"4":{"start":{"line":6,"column":26},"end":{"line":9,"column":2}},"5":{"start":{"line":6,"column":34},"end":{"line":9,"column":1}},"6":{"start":{"line":11,"column":33},"end":{"line":14,"column":2}},"7":{"start":{"line":11,"column":43},"end":{"line":14,"column":1}},"8":{"start":{"line":16,"column":31},"end":{"line":19,"column":2}},"9":{"start":{"line":16,"column":39},"end":{"line":19,"column":1}},"10":{"start":{"line":21,"column":26},"end":{"line":23,"column":2}},"11":{"start":{"line":21,"column":33},"end":{"line":23,"column":1}}},"fnMap":{"0":{"name":"(anonymous_0)","decl":{"start":{"line":6,"column":26},"end":{"line":6,"column":27}},"loc":{"start":{"line":6,"column":34},"end":{"line":9,"column":1}},"line":6},"1":{"name":"(anonymous_1)","decl":{"start":{"line":11,"column":33},"end":{"line":11,"column":34}},"loc":{"start":{"line":11,"column":43},"end":{"line":14,"column":1}},"line":11},"2":{"name":"(anonymous_2)","decl":{"start":{"line":16,"column":31},"end":{"line":16,"column":32}},"loc":{"start":{"line":16,"column":39},"end":{"line":19,"column":1}},"line":16},"3":{"name":"(anonymous_3)","decl":{"start":{"line":21,"column":26},"end":{"line":21,"column":27}},"loc":{"start":{"line":21,"column":33},"end":{"line":23,"column":1}},"line":21}},"branchMap":{},"s":{"0":4,"1":4,"2":4,"3":4,"4":4,"5":12,"6":4,"7":1,"8":4,"9":2,"10":4,"11":3},"f":{"0":12,"1":1,"2":2,"3":3},"b":{},"_coverageSchema":"43e27e138ebf9cfc5966b082cf9a028302ed4184","hash":"09e755e65927c27db5a255cdbd5c1939e095d1c3"}
,"/Users/anton_paskanny/Documents/Studying/Front-end/anton-paskanny.github.io/ReactJS-course/src/client/actions/movies.js": {"path":"/Users/anton_paskanny/Documents/Studying/Front-end/anton-paskanny.github.io/ReactJS-course/src/client/actions/movies.js","statementMap":{"0":{"start":{"line":1,"column":28},"end":{"line":1,"column":42}},"1":{"start":{"line":2,"column":36},"end":{"line":2,"column":58}},"2":{"start":{"line":3,"column":38},"end":{"line":3,"column":62}},"3":{"start":{"line":4,"column":46},"end":{"line":4,"column":78}},"4":{"start":{"line":5,"column":34},"end":{"line":5,"column":54}},"5":{"start":{"line":7,"column":27},"end":{"line":10,"column":2}},"6":{"start":{"line":7,"column":35},"end":{"line":10,"column":1}},"7":{"start":{"line":12,"column":34},"end":{"line":15,"column":2}},"8":{"start":{"line":12,"column":45},"end":{"line":15,"column":1}},"9":{"start":{"line":17,"column":35},"end":{"line":20,"column":2}},"10":{"start":{"line":17,"column":43},"end":{"line":20,"column":1}},"11":{"start":{"line":22,"column":42},"end":{"line":25,"column":2}},"12":{"start":{"line":22,"column":53},"end":{"line":25,"column":1}},"13":{"start":{"line":27,"column":32},"end":{"line":30,"column":2}},"14":{"start":{"line":27,"column":40},"end":{"line":30,"column":1}}},"fnMap":{"0":{"name":"(anonymous_0)","decl":{"start":{"line":7,"column":27},"end":{"line":7,"column":28}},"loc":{"start":{"line":7,"column":35},"end":{"line":10,"column":1}},"line":7},"1":{"name":"(anonymous_1)","decl":{"start":{"line":12,"column":34},"end":{"line":12,"column":35}},"loc":{"start":{"line":12,"column":45},"end":{"line":15,"column":1}},"line":12},"2":{"name":"(anonymous_2)","decl":{"start":{"line":17,"column":35},"end":{"line":17,"column":36}},"loc":{"start":{"line":17,"column":43},"end":{"line":20,"column":1}},"line":17},"3":{"name":"(anonymous_3)","decl":{"start":{"line":22,"column":42},"end":{"line":22,"column":43}},"loc":{"start":{"line":22,"column":53},"end":{"line":25,"column":1}},"line":22},"4":{"name":"(anonymous_4)","decl":{"start":{"line":27,"column":32},"end":{"line":27,"column":33}},"loc":{"start":{"line":27,"column":40},"end":{"line":30,"column":1}},"line":27}},"branchMap":{},"s":{"0":3,"1":3,"2":3,"3":3,"4":3,"5":3,"6":1,"7":3,"8":1,"9":3,"10":1,"11":3,"12":1,"13":3,"14":1},"f":{"0":1,"1":1,"2":1,"3":1,"4":1},"b":{},"_coverageSchema":"43e27e138ebf9cfc5966b082cf9a028302ed4184","hash":"be27888ff1c12abd77124c7794ba49e5e91ac184"}
,"/Users/anton_paskanny/Documents/Studying/Front-end/anton-paskanny.github.io/ReactJS-course/src/client/components/App.js": {"path":"/Users/anton_paskanny/Documents/Studying/Front-end/anton-paskanny.github.io/ReactJS-course/src/client/components/App.js","statementMap":{"0":{"start":{"line":9,"column":12},"end":{"line":20,"column":1}},"1":{"start":{"line":10,"column":4},"end":{"line":19,"column":13}}},"fnMap":{"0":{"name":"(anonymous_0)","decl":{"start":{"line":9,"column":12},"end":{"line":9,"column":13}},"loc":{"start":{"line":10,"column":4},"end":{"line":19,"column":13}},"line":10}},"branchMap":{},"s":{"0":1,"1":1},"f":{"0":1},"b":{},"_coverageSchema":"43e27e138ebf9cfc5966b082cf9a028302ed4184","hash":"bf9f5bf0d353c4383194b82717ff76618c848759"}
,"/Users/anton_paskanny/Documents/Studying/Front-end/anton-paskanny.github.io/ReactJS-course/src/client/components/Footer/Footer.js": {"path":"/Users/anton_paskanny/Documents/Studying/Front-end/anton-paskanny.github.io/ReactJS-course/src/client/components/Footer/Footer.js","statementMap":{"0":{"start":{"line":5,"column":15},"end":{"line":9,"column":1}},"1":{"start":{"line":6,"column":4},"end":{"line":8,"column":13}}},"fnMap":{"0":{"name":"(anonymous_0)","decl":{"start":{"line":5,"column":15},"end":{"line":5,"column":16}},"loc":{"start":{"line":6,"column":4},"end":{"line":8,"column":13}},"line":6}},"branchMap":{},"s":{"0":2,"1":1},"f":{"0":1},"b":{},"_coverageSchema":"43e27e138ebf9cfc5966b082cf9a028302ed4184","hash":"db8b8e18c5c07ce799ce616029f4a264a84883c5"}
,"/Users/anton_paskanny/Documents/Studying/Front-end/anton-paskanny.github.io/ReactJS-course/src/client/components/Header/Header.js": {"path":"/Users/anton_paskanny/Documents/Studying/Front-end/anton-paskanny.github.io/ReactJS-course/src/client/components/Header/Header.js","statementMap":{"0":{"start":{"line":7,"column":15},"end":{"line":14,"column":1}},"1":{"start":{"line":8,"column":4},"end":{"line":13,"column":13}}},"fnMap":{"0":{"name":"(anonymous_0)","decl":{"start":{"line":7,"column":15},"end":{"line":7,"column":16}},"loc":{"start":{"line":8,"column":4},"end":{"line":13,"column":13}},"line":8}},"branchMap":{},"s":{"0":2,"1":1},"f":{"0":1},"b":{},"_coverageSchema":"43e27e138ebf9cfc5966b082cf9a028302ed4184","hash":"272da5484f975cc289aacfbb0511c43f633b2b57"}
,"/Users/anton_paskanny/Documents/Studying/Front-end/anton-paskanny.github.io/ReactJS-course/src/client/components/Header/HeaderDetail.js": {"path":"/Users/anton_paskanny/Documents/Studying/Front-end/anton-paskanny.github.io/ReactJS-course/src/client/components/Header/HeaderDetail.js","statementMap":{"0":{"start":{"line":8,"column":21},"end":{"line":18,"column":1}},"1":{"start":{"line":9,"column":4},"end":{"line":17,"column":13}}},"fnMap":{"0":{"name":"(anonymous_0)","decl":{"start":{"line":8,"column":21},"end":{"line":8,"column":22}},"loc":{"start":{"line":9,"column":4},"end":{"line":17,"column":13}},"line":9}},"branchMap":{},"s":{"0":2,"1":3},"f":{"0":3},"b":{},"_coverageSchema":"43e27e138ebf9cfc5966b082cf9a028302ed4184","hash":"62a31226543b5610a0342f5dc9c7d52dacec0a96"}
,"/Users/anton_paskanny/Documents/Studying/Front-end/anton-paskanny.github.io/ReactJS-course/src/client/components/Movie/Movie.js": {"path":"/Users/anton_paskanny/Documents/Studying/Front-end/anton-paskanny.github.io/ReactJS-course/src/client/components/Movie/Movie.js","statementMap":{"0":{"start":{"line":6,"column":14},"end":{"line":38,"column":1}},"1":{"start":{"line":7,"column":61},"end":{"line":7,"column":71}},"2":{"start":{"line":10,"column":8},"end":{"line":17,"column":11}},"3":{"start":{"line":11,"column":12},"end":{"line":16,"column":75}},"4":{"start":{"line":20,"column":4},"end":{"line":37,"column":5}}},"fnMap":{"0":{"name":"(anonymous_0)","decl":{"start":{"line":6,"column":14},"end":{"line":6,"column":15}},"loc":{"start":{"line":6,"column":23},"end":{"line":38,"column":1}},"line":6},"1":{"name":"renderGenres","decl":{"start":{"line":9,"column":13},"end":{"line":9,"column":25}},"loc":{"start":{"line":9,"column":34},"end":{"line":18,"column":5}},"line":9},"2":{"name":"(anonymous_2)","decl":{"start":{"line":10,"column":36},"end":{"line":10,"column":37}},"loc":{"start":{"line":11,"column":12},"end":{"line":16,"column":75}},"line":11}},"branchMap":{"0":{"loc":{"start":{"line":10,"column":15},"end":{"line":17,"column":10}},"type":"binary-expr","locations":[{"start":{"line":10,"column":15},"end":{"line":10,"column":21}},{"start":{"line":10,"column":25},"end":{"line":17,"column":10}}],"line":10},"1":{"loc":{"start":{"line":11,"column":12},"end":{"line":16,"column":75}},"type":"cond-expr","locations":[{"start":{"line":12,"column":12},"end":{"line":15,"column":29}},{"start":{"line":16,"column":12},"end":{"line":16,"column":75}}],"line":11}},"s":{"0":2,"1":2,"2":2,"3":4,"4":2},"f":{"0":2,"1":2,"2":4},"b":{"0":[2,2],"1":[2,2]},"_coverageSchema":"43e27e138ebf9cfc5966b082cf9a028302ed4184","hash":"1d797fd84bbd3de3b9714f0a8c0c7acd7e5f2dd5"}
,"/Users/anton_paskanny/Documents/Studying/Front-end/anton-paskanny.github.io/ReactJS-course/src/client/components/Movie/MovieDetail/MovieDetail.js": {"path":"/Users/anton_paskanny/Documents/Studying/Front-end/anton-paskanny.github.io/ReactJS-course/src/client/components/Movie/MovieDetail/MovieDetail.js","statementMap":{"0":{"start":{"line":11,"column":8},"end":{"line":11,"column":28}},"1":{"start":{"line":15,"column":8},"end":{"line":17,"column":9}},"2":{"start":{"line":16,"column":12},"end":{"line":16,"column":32}},"3":{"start":{"line":21,"column":8},"end":{"line":21,"column":32}},"4":{"start":{"line":25,"column":8},"end":{"line":27,"column":10}},"5":{"start":{"line":26,"column":12},"end":{"line":26,"column":72}},"6":{"start":{"line":31,"column":20},"end":{"line":31,"column":50}},"7":{"start":{"line":32,"column":8},"end":{"line":32,"column":35}},"8":{"start":{"line":36,"column":8},"end":{"line":36,"column":84}},"9":{"start":{"line":36,"column":64},"end":{"line":36,"column":84}},"10":{"start":{"line":38,"column":94},"end":{"line":38,"column":118}},"11":{"start":{"line":40,"column":8},"end":{"line":60,"column":9}}},"fnMap":{"0":{"name":"(anonymous_0)","decl":{"start":{"line":10,"column":4},"end":{"line":10,"column":5}},"loc":{"start":{"line":10,"column":24},"end":{"line":12,"column":5}},"line":10},"1":{"name":"(anonymous_1)","decl":{"start":{"line":14,"column":4},"end":{"line":14,"column":5}},"loc":{"start":{"line":14,"column":34},"end":{"line":18,"column":5}},"line":14},"2":{"name":"(anonymous_2)","decl":{"start":{"line":20,"column":4},"end":{"line":20,"column":5}},"loc":{"start":{"line":20,"column":27},"end":{"line":22,"column":5}},"line":20},"3":{"name":"(anonymous_3)","decl":{"start":{"line":24,"column":4},"end":{"line":24,"column":5}},"loc":{"start":{"line":24,"column":25},"end":{"line":28,"column":5}},"line":24},"4":{"name":"(anonymous_4)","decl":{"start":{"line":25,"column":36},"end":{"line":25,"column":37}},"loc":{"start":{"line":26,"column":12},"end":{"line":26,"column":72}},"line":26},"5":{"name":"(anonymous_5)","decl":{"start":{"line":30,"column":4},"end":{"line":30,"column":5}},"loc":{"start":{"line":30,"column":19},"end":{"line":33,"column":5}},"line":30},"6":{"name":"(anonymous_6)","decl":{"start":{"line":35,"column":4},"end":{"line":35,"column":5}},"loc":{"start":{"line":35,"column":13},"end":{"line":61,"column":5}},"line":35}},"branchMap":{"0":{"loc":{"start":{"line":15,"column":8},"end":{"line":17,"column":9}},"type":"if","locations":[{"start":{"line":15,"column":8},"end":{"line":17,"column":9}},{"start":{"line":15,"column":8},"end":{"line":17,"column":9}}],"line":15},"1":{"loc":{"start":{"line":25,"column":15},"end":{"line":27,"column":10}},"type":"binary-expr","locations":[{"start":{"line":25,"column":15},"end":{"line":25,"column":21}},{"start":{"line":25,"column":25},"end":{"line":27,"column":10}}],"line":25},"2":{"loc":{"start":{"line":36,"column":8},"end":{"line":36,"column":84}},"type":"if","locations":[{"start":{"line":36,"column":8},"end":{"line":36,"column":84}},{"start":{"line":36,"column":8},"end":{"line":36,"column":84}}],"line":36},"3":{"loc":{"start":{"line":36,"column":12},"end":{"line":36,"column":62}},"type":"binary-expr","locations":[{"start":{"line":36,"column":12},"end":{"line":36,"column":37}},{"start":{"line":36,"column":41},"end":{"line":36,"column":62}}],"line":36}},"s":{"0":6,"1":2,"2":1,"3":1,"4":6,"5":12,"6":7,"7":7,"8":7,"9":1,"10":6,"11":6},"f":{"0":6,"1":2,"2":1,"3":6,"4":12,"5":7,"6":7},"b":{"0":[1,1],"1":[6,6],"2":[1,6],"3":[7,6]},"_coverageSchema":"43e27e138ebf9cfc5966b082cf9a028302ed4184","hash":"b5d4389f850c5b83847578ed27d60fc678147f4a"}
,"/Users/anton_paskanny/Documents/Studying/Front-end/anton-paskanny.github.io/ReactJS-course/src/client/components/MovieResults/MovieResults.js": {"path":"/Users/anton_paskanny/Documents/Studying/Front-end/anton-paskanny.github.io/ReactJS-course/src/client/components/MovieResults/MovieResults.js","statementMap":{"0":{"start":{"line":28,"column":8},"end":{"line":28,"column":46}},"1":{"start":{"line":38,"column":8},"end":{"line":42,"column":9}},"2":{"start":{"line":39,"column":27},"end":{"line":39,"column":102}},"3":{"start":{"line":39,"column":72},"end":{"line":39,"column":91}},"4":{"start":{"line":40,"column":24},"end":{"line":40,"column":54}},"5":{"start":{"line":41,"column":12},"end":{"line":41,"column":59}},"6":{"start":{"line":46,"column":8},"end":{"line":48,"column":9}},"7":{"start":{"line":47,"column":12},"end":{"line":47,"column":30}},"8":{"start":{"line":50,"column":8},"end":{"line":52,"column":9}},"9":{"start":{"line":51,"column":12},"end":{"line":51,"column":70}},"10":{"start":{"line":54,"column":8},"end":{"line":71,"column":9}},"11":{"start":{"line":55,"column":12},"end":{"line":70,"column":13}},"12":{"start":{"line":59,"column":31},"end":{"line":59,"column":120}},"13":{"start":{"line":59,"column":80},"end":{"line":59,"column":119}},"14":{"start":{"line":61,"column":16},"end":{"line":63,"column":17}},"15":{"start":{"line":62,"column":20},"end":{"line":62,"column":99}},"16":{"start":{"line":65,"column":16},"end":{"line":67,"column":19}},"17":{"start":{"line":66,"column":20},"end":{"line":66,"column":64}},"18":{"start":{"line":69,"column":16},"end":{"line":69,"column":95}},"19":{"start":{"line":75,"column":26},"end":{"line":75,"column":43}},"20":{"start":{"line":76,"column":8},"end":{"line":78,"column":10}},"21":{"start":{"line":77,"column":12},"end":{"line":77,"column":56}},"22":{"start":{"line":82,"column":30},"end":{"line":82,"column":87}},"23":{"start":{"line":82,"column":61},"end":{"line":82,"column":72}},"24":{"start":{"line":84,"column":8},"end":{"line":90,"column":11}},"25":{"start":{"line":85,"column":12},"end":{"line":87,"column":13}},"26":{"start":{"line":86,"column":16},"end":{"line":86,"column":79}},"27":{"start":{"line":89,"column":12},"end":{"line":89,"column":55}},"28":{"start":{"line":94,"column":8},"end":{"line":96,"column":9}},"29":{"start":{"line":95,"column":12},"end":{"line":95,"column":19}},"30":{"start":{"line":98,"column":8},"end":{"line":106,"column":11}},"31":{"start":{"line":100,"column":16},"end":{"line":102,"column":17}},"32":{"start":{"line":101,"column":20},"end":{"line":101,"column":55}},"33":{"start":{"line":104,"column":16},"end":{"line":104,"column":46}},"34":{"start":{"line":110,"column":8},"end":{"line":124,"column":9}}},"fnMap":{"0":{"name":"(anonymous_0)","decl":{"start":{"line":27,"column":4},"end":{"line":27,"column":5}},"loc":{"start":{"line":27,"column":24},"end":{"line":29,"column":5}},"line":27},"1":{"name":"(anonymous_1)","decl":{"start":{"line":31,"column":4},"end":{"line":31,"column":5}},"loc":{"start":{"line":31,"column":34},"end":{"line":43,"column":5}},"line":31},"2":{"name":"(anonymous_2)","decl":{"start":{"line":39,"column":63},"end":{"line":39,"column":64}},"loc":{"start":{"line":39,"column":72},"end":{"line":39,"column":91}},"line":39},"3":{"name":"(anonymous_3)","decl":{"start":{"line":45,"column":4},"end":{"line":45,"column":5}},"loc":{"start":{"line":45,"column":18},"end":{"line":79,"column":5}},"line":45},"4":{"name":"(anonymous_4)","decl":{"start":{"line":59,"column":72},"end":{"line":59,"column":73}},"loc":{"start":{"line":59,"column":80},"end":{"line":59,"column":119}},"line":59},"5":{"name":"(anonymous_5)","decl":{"start":{"line":65,"column":34},"end":{"line":65,"column":35}},"loc":{"start":{"line":65,"column":43},"end":{"line":67,"column":17}},"line":65},"6":{"name":"(anonymous_6)","decl":{"start":{"line":76,"column":29},"end":{"line":76,"column":30}},"loc":{"start":{"line":76,"column":38},"end":{"line":78,"column":9}},"line":76},"7":{"name":"(anonymous_7)","decl":{"start":{"line":81,"column":4},"end":{"line":81,"column":5}},"loc":{"start":{"line":81,"column":17},"end":{"line":91,"column":5}},"line":81},"8":{"name":"(anonymous_8)","decl":{"start":{"line":82,"column":53},"end":{"line":82,"column":54}},"loc":{"start":{"line":82,"column":61},"end":{"line":82,"column":72}},"line":82},"9":{"name":"(anonymous_9)","decl":{"start":{"line":84,"column":46},"end":{"line":84,"column":47}},"loc":{"start":{"line":84,"column":56},"end":{"line":90,"column":9}},"line":84},"10":{"name":"(anonymous_10)","decl":{"start":{"line":93,"column":25},"end":{"line":93,"column":26}},"loc":{"start":{"line":93,"column":32},"end":{"line":107,"column":5}},"line":93},"11":{"name":"(anonymous_11)","decl":{"start":{"line":99,"column":42},"end":{"line":99,"column":43}},"loc":{"start":{"line":99,"column":48},"end":{"line":105,"column":13}},"line":99},"12":{"name":"(anonymous_12)","decl":{"start":{"line":109,"column":4},"end":{"line":109,"column":5}},"loc":{"start":{"line":109,"column":13},"end":{"line":125,"column":5}},"line":109}},"branchMap":{"0":{"loc":{"start":{"line":38,"column":8},"end":{"line":42,"column":9}},"type":"if","locations":[{"start":{"line":38,"column":8},"end":{"line":42,"column":9}},{"start":{"line":38,"column":8},"end":{"line":42,"column":9}}],"line":38},"1":{"loc":{"start":{"line":38,"column":12},"end":{"line":38,"column":134}},"type":"binary-expr","locations":[{"start":{"line":38,"column":12},"end":{"line":38,"column":36}},{"start":{"line":38,"column":41},"end":{"line":38,"column":65}},{"start":{"line":38,"column":69},"end":{"line":38,"column":133}}],"line":38},"2":{"loc":{"start":{"line":46,"column":8},"end":{"line":48,"column":9}},"type":"if","locations":[{"start":{"line":46,"column":8},"end":{"line":48,"column":9}},{"start":{"line":46,"column":8},"end":{"line":48,"column":9}}],"line":46},"3":{"loc":{"start":{"line":50,"column":8},"end":{"line":52,"column":9}},"type":"if","locations":[{"start":{"line":50,"column":8},"end":{"line":52,"column":9}},{"start":{"line":50,"column":8},"end":{"line":52,"column":9}}],"line":50},"4":{"loc":{"start":{"line":50,"column":12},"end":{"line":50,"column":64}},"type":"binary-expr","locations":[{"start":{"line":50,"column":12},"end":{"line":50,"column":30}},{"start":{"line":50,"column":34},"end":{"line":50,"column":64}}],"line":50},"5":{"loc":{"start":{"line":54,"column":8},"end":{"line":71,"column":9}},"type":"if","locations":[{"start":{"line":54,"column":8},"end":{"line":71,"column":9}},{"start":{"line":54,"column":8},"end":{"line":71,"column":9}}],"line":54},"6":{"loc":{"start":{"line":55,"column":12},"end":{"line":70,"column":13}},"type":"if","locations":[{"start":{"line":55,"column":12},"end":{"line":70,"column":13}},{"start":{"line":55,"column":12},"end":{"line":70,"column":13}}],"line":55},"7":{"loc":{"start":{"line":61,"column":16},"end":{"line":63,"column":17}},"type":"if","locations":[{"start":{"line":61,"column":16},"end":{"line":63,"column":17}},{"start":{"line":61,"column":16},"end":{"line":63,"column":17}}],"line":61},"8":{"loc":{"start":{"line":85,"column":12},"end":{"line":87,"column":13}},"type":"if","locations":[{"start":{"line":85,"column":12},"end":{"line":87,"column":13}},{"start":{"line":85,"column":12},"end":{"line":87,"column":13}}],"line":85},"9":{"loc":{"start":{"line":94,"column":8},"end":{"line":96,"column":9}},"type":"if","locations":[{"start":{"line":94,"column":8},"end":{"line":96,"column":9}},{"start":{"line":94,"column":8},"end":{"line":96,"column":9}}],"line":94},"10":{"loc":{"start":{"line":100,"column":16},"end":{"line":102,"column":17}},"type":"if","locations":[{"start":{"line":100,"column":16},"end":{"line":102,"column":17}},{"start":{"line":100,"column":16},"end":{"line":102,"column":17}}],"line":100},"11":{"loc":{"start":{"line":118,"column":50},"end":{"line":118,"column":105}},"type":"cond-expr","locations":[{"start":{"line":118,"column":74},"end":{"line":118,"column":100}},{"start":{"line":118,"column":103},"end":{"line":118,"column":105}}],"line":118}},"s":{"0":0,"1":0,"2":0,"3":0,"4":0,"5":0,"6":0,"7":0,"8":0,"9":0,"10":0,"11":0,"12":0,"13":0,"14":0,"15":0,"16":0,"17":0,"18":0,"19":0,"20":0,"21":0,"22":0,"23":0,"24":0,"25":0,"26":0,"27":0,"28":0,"29":0,"30":0,"31":0,"32":0,"33":0,"34":0},"f":{"0":0,"1":0,"2":0,"3":0,"4":0,"5":0,"6":0,"7":0,"8":0,"9":0,"10":0,"11":0,"12":0},"b":{"0":[0,0],"1":[0,0,0],"2":[0,0],"3":[0,0],"4":[0,0],"5":[0,0],"6":[0,0],"7":[0,0],"8":[0,0],"9":[0,0],"10":[0,0],"11":[0,0]},"_coverageSchema":"43e27e138ebf9cfc5966b082cf9a028302ed4184","hash":"94c804086ddcf4f2cfc50ba6b4d54edb99b78f37"}
,"/Users/anton_paskanny/Documents/Studying/Front-end/anton-paskanny.github.io/ReactJS-course/src/client/components/MovieResults/SortPanel/SortPanel.js": {"path":"/Users/anton_paskanny/Documents/Studying/Front-end/anton-paskanny.github.io/ReactJS-course/src/client/components/MovieResults/SortPanel/SortPanel.js","statementMap":{"0":{"start":{"line":5,"column":18},"end":{"line":47,"column":1}},"1":{"start":{"line":7,"column":30},"end":{"line":14,"column":5}},"2":{"start":{"line":8,"column":8},"end":{"line":13,"column":10}},"3":{"start":{"line":9,"column":16},"end":{"line":11,"column":21}},"4":{"start":{"line":16,"column":4},"end":{"line":18,"column":5}},"5":{"start":{"line":17,"column":8},"end":{"line":17,"column":20}},"6":{"start":{"line":20,"column":26},"end":{"line":27,"column":5}},"7":{"start":{"line":21,"column":8},"end":{"line":26,"column":14}},"8":{"start":{"line":29,"column":33},"end":{"line":37,"column":5}},"9":{"start":{"line":30,"column":8},"end":{"line":34,"column":9}},"10":{"start":{"line":31,"column":27},"end":{"line":31,"column":84}},"11":{"start":{"line":31,"column":67},"end":{"line":31,"column":72}},"12":{"start":{"line":33,"column":12},"end":{"line":33,"column":102}},"13":{"start":{"line":36,"column":8},"end":{"line":36,"column":94}},"14":{"start":{"line":39,"column":4},"end":{"line":46,"column":5}}},"fnMap":{"0":{"name":"(anonymous_0)","decl":{"start":{"line":5,"column":18},"end":{"line":5,"column":19}},"loc":{"start":{"line":5,"column":27},"end":{"line":47,"column":1}},"line":5},"1":{"name":"(anonymous_1)","decl":{"start":{"line":7,"column":30},"end":{"line":7,"column":31}},"loc":{"start":{"line":7,"column":36},"end":{"line":14,"column":5}},"line":7},"2":{"name":"(anonymous_2)","decl":{"start":{"line":8,"column":38},"end":{"line":8,"column":39}},"loc":{"start":{"line":9,"column":16},"end":{"line":11,"column":21}},"line":9},"3":{"name":"(anonymous_3)","decl":{"start":{"line":20,"column":26},"end":{"line":20,"column":27}},"loc":{"start":{"line":21,"column":8},"end":{"line":26,"column":14}},"line":21},"4":{"name":"(anonymous_4)","decl":{"start":{"line":29,"column":33},"end":{"line":29,"column":34}},"loc":{"start":{"line":29,"column":39},"end":{"line":37,"column":5}},"line":29},"5":{"name":"(anonymous_5)","decl":{"start":{"line":31,"column":58},"end":{"line":31,"column":59}},"loc":{"start":{"line":31,"column":67},"end":{"line":31,"column":72}},"line":31}},"branchMap":{"0":{"loc":{"start":{"line":10,"column":67},"end":{"line":10,"column":118}},"type":"cond-expr","locations":[{"start":{"line":10,"column":81},"end":{"line":10,"column":114}},{"start":{"line":10,"column":116},"end":{"line":10,"column":118}}],"line":10},"1":{"loc":{"start":{"line":16,"column":4},"end":{"line":18,"column":5}},"type":"if","locations":[{"start":{"line":16,"column":4},"end":{"line":18,"column":5}},{"start":{"line":16,"column":4},"end":{"line":18,"column":5}}],"line":16},"2":{"loc":{"start":{"line":16,"column":8},"end":{"line":16,"column":50}},"type":"binary-expr","locations":[{"start":{"line":16,"column":8},"end":{"line":16,"column":21}},{"start":{"line":16,"column":25},"end":{"line":16,"column":50}}],"line":16},"3":{"loc":{"start":{"line":30,"column":8},"end":{"line":34,"column":9}},"type":"if","locations":[{"start":{"line":30,"column":8},"end":{"line":34,"column":9}},{"start":{"line":30,"column":8},"end":{"line":34,"column":9}}],"line":30},"4":{"loc":{"start":{"line":33,"column":41},"end":{"line":33,"column":99}},"type":"cond-expr","locations":[{"start":{"line":33,"column":81},"end":{"line":33,"column":89}},{"start":{"line":33,"column":92},"end":{"line":33,"column":99}}],"line":33},"5":{"loc":{"start":{"line":36,"column":41},"end":{"line":36,"column":85}},"type":"cond-expr","locations":[{"start":{"line":36,"column":67},"end":{"line":36,"column":75}},{"start":{"line":36,"column":78},"end":{"line":36,"column":85}}],"line":36},"6":{"loc":{"start":{"line":44,"column":13},"end":{"line":44,"column":52}},"type":"binary-expr","locations":[{"start":{"line":44,"column":13},"end":{"line":44,"column":33}},{"start":{"line":44,"column":37},"end":{"line":44,"column":52}}],"line":44}},"s":{"0":1,"1":0,"2":0,"3":0,"4":0,"5":0,"6":0,"7":0,"8":0,"9":0,"10":0,"11":0,"12":0,"13":0,"14":0},"f":{"0":0,"1":0,"2":0,"3":0,"4":0,"5":0},"b":{"0":[0,0],"1":[0,0],"2":[0,0],"3":[0,0],"4":[0,0],"5":[0,0],"6":[0,0]},"_coverageSchema":"43e27e138ebf9cfc5966b082cf9a028302ed4184","hash":"23dd0f482a3ad6a7e1cc7d4b388837bfc0aab1c1"}
,"/Users/anton_paskanny/Documents/Studying/Front-end/anton-paskanny.github.io/ReactJS-course/src/client/components/Search/Search.js": {"path":"/Users/anton_paskanny/Documents/Studying/Front-end/anton-paskanny.github.io/ReactJS-course/src/client/components/Search/Search.js","statementMap":{"0":{"start":{"line":26,"column":8},"end":{"line":28,"column":11}},"1":{"start":{"line":32,"column":8},"end":{"line":32,"column":27}},"2":{"start":{"line":34,"column":8},"end":{"line":36,"column":9}},"3":{"start":{"line":35,"column":12},"end":{"line":35,"column":19}},"4":{"start":{"line":38,"column":8},"end":{"line":46,"column":11}},"5":{"start":{"line":40,"column":16},"end":{"line":42,"column":17}},"6":{"start":{"line":41,"column":20},"end":{"line":41,"column":55}},"7":{"start":{"line":44,"column":16},"end":{"line":44,"column":46}},"8":{"start":{"line":50,"column":8},"end":{"line":50,"column":27}},"9":{"start":{"line":52,"column":8},"end":{"line":54,"column":9}},"10":{"start":{"line":53,"column":12},"end":{"line":53,"column":19}},"11":{"start":{"line":56,"column":26},"end":{"line":56,"column":66}},"12":{"start":{"line":57,"column":25},"end":{"line":57,"column":89}},"13":{"start":{"line":57,"column":70},"end":{"line":57,"column":81}},"14":{"start":{"line":58,"column":20},"end":{"line":58,"column":57}},"15":{"start":{"line":60,"column":8},"end":{"line":60,"column":47}},"16":{"start":{"line":64,"column":8},"end":{"line":78,"column":9}}},"fnMap":{"0":{"name":"(anonymous_0)","decl":{"start":{"line":25,"column":24},"end":{"line":25,"column":25}},"loc":{"start":{"line":25,"column":29},"end":{"line":29,"column":5}},"line":25},"1":{"name":"(anonymous_1)","decl":{"start":{"line":31,"column":27},"end":{"line":31,"column":28}},"loc":{"start":{"line":31,"column":32},"end":{"line":47,"column":5}},"line":31},"2":{"name":"(anonymous_2)","decl":{"start":{"line":39,"column":46},"end":{"line":39,"column":47}},"loc":{"start":{"line":39,"column":52},"end":{"line":45,"column":13}},"line":39},"3":{"name":"(anonymous_3)","decl":{"start":{"line":49,"column":19},"end":{"line":49,"column":20}},"loc":{"start":{"line":49,"column":24},"end":{"line":61,"column":5}},"line":49},"4":{"name":"(anonymous_4)","decl":{"start":{"line":57,"column":62},"end":{"line":57,"column":63}},"loc":{"start":{"line":57,"column":70},"end":{"line":57,"column":81}},"line":57},"5":{"name":"(anonymous_5)","decl":{"start":{"line":63,"column":4},"end":{"line":63,"column":5}},"loc":{"start":{"line":63,"column":13},"end":{"line":79,"column":5}},"line":63}},"branchMap":{"0":{"loc":{"start":{"line":34,"column":8},"end":{"line":36,"column":9}},"type":"if","locations":[{"start":{"line":34,"column":8},"end":{"line":36,"column":9}},{"start":{"line":34,"column":8},"end":{"line":36,"column":9}}],"line":34},"1":{"loc":{"start":{"line":40,"column":16},"end":{"line":42,"column":17}},"type":"if","locations":[{"start":{"line":40,"column":16},"end":{"line":42,"column":17}},{"start":{"line":40,"column":16},"end":{"line":42,"column":17}}],"line":40},"2":{"loc":{"start":{"line":52,"column":8},"end":{"line":54,"column":9}},"type":"if","locations":[{"start":{"line":52,"column":8},"end":{"line":54,"column":9}},{"start":{"line":52,"column":8},"end":{"line":54,"column":9}}],"line":52}},"s":{"0":3,"1":2,"2":2,"3":1,"4":1,"5":2,"6":1,"7":1,"8":2,"9":2,"10":1,"11":1,"12":1,"13":1,"14":1,"15":1,"16":10},"f":{"0":3,"1":2,"2":2,"3":2,"4":1,"5":10},"b":{"0":[1,1],"1":[1,1],"2":[1,1]},"_coverageSchema":"43e27e138ebf9cfc5966b082cf9a028302ed4184","hash":"a56d9019cb98618b3fa33847ca756cdc79b3e114"}
,"/Users/anton_paskanny/Documents/Studying/Front-end/anton-paskanny.github.io/ReactJS-course/src/client/components/Search/SearchFilter/SearchFilter.js": {"path":"/Users/anton_paskanny/Documents/Studying/Front-end/anton-paskanny.github.io/ReactJS-course/src/client/components/Search/SearchFilter/SearchFilter.js","statementMap":{"0":{"start":{"line":7,"column":8},"end":{"line":13,"column":11}},"1":{"start":{"line":8,"column":12},"end":{"line":12,"column":13}},"2":{"start":{"line":17,"column":8},"end":{"line":29,"column":9}}},"fnMap":{"0":{"name":"(anonymous_0)","decl":{"start":{"line":6,"column":4},"end":{"line":6,"column":5}},"loc":{"start":{"line":6,"column":26},"end":{"line":14,"column":5}},"line":6},"1":{"name":"(anonymous_1)","decl":{"start":{"line":7,"column":45},"end":{"line":7,"column":46}},"loc":{"start":{"line":7,"column":55},"end":{"line":13,"column":9}},"line":7},"2":{"name":"(anonymous_2)","decl":{"start":{"line":16,"column":4},"end":{"line":16,"column":5}},"loc":{"start":{"line":16,"column":13},"end":{"line":30,"column":5}},"line":16}},"branchMap":{"0":{"loc":{"start":{"line":10,"column":84},"end":{"line":10,"column":138}},"type":"cond-expr","locations":[{"start":{"line":10,"column":98},"end":{"line":10,"column":134}},{"start":{"line":10,"column":136},"end":{"line":10,"column":138}}],"line":10}},"s":{"0":7,"1":14,"2":7},"f":{"0":7,"1":14,"2":7},"b":{"0":[7,7]},"_coverageSchema":"43e27e138ebf9cfc5966b082cf9a028302ed4184","hash":"310317c92cdddb3f50c1d673f43f66863cda28b4"}
,"/Users/anton_paskanny/Documents/Studying/Front-end/anton-paskanny.github.io/ReactJS-course/src/client/components/Search/SearchInput/SearchInput.js": {"path":"/Users/anton_paskanny/Documents/Studying/Front-end/anton-paskanny.github.io/ReactJS-course/src/client/components/Search/SearchInput/SearchInput.js","statementMap":{"0":{"start":{"line":3,"column":20},"end":{"line":11,"column":1}},"1":{"start":{"line":4,"column":4},"end":{"line":10,"column":10}}},"fnMap":{"0":{"name":"(anonymous_0)","decl":{"start":{"line":3,"column":20},"end":{"line":3,"column":21}},"loc":{"start":{"line":4,"column":4},"end":{"line":10,"column":10}},"line":4}},"branchMap":{},"s":{"0":3,"1":10},"f":{"0":10},"b":{},"_coverageSchema":"43e27e138ebf9cfc5966b082cf9a028302ed4184","hash":"a5e8c5e72be271f2ed5b64b6719aa852729f5c14"}
,"/Users/anton_paskanny/Documents/Studying/Front-end/anton-paskanny.github.io/ReactJS-course/src/client/components/shared/Spinner/Spinner.js": {"path":"/Users/anton_paskanny/Documents/Studying/Front-end/anton-paskanny.github.io/ReactJS-course/src/client/components/shared/Spinner/Spinner.js","statementMap":{"0":{"start":{"line":6,"column":4},"end":{"line":10,"column":10}}},"fnMap":{"0":{"name":"(anonymous_0)","decl":{"start":{"line":5,"column":15},"end":{"line":5,"column":16}},"loc":{"start":{"line":6,"column":4},"end":{"line":10,"column":10}},"line":6}},"branchMap":{},"s":{"0":1},"f":{"0":1},"b":{},"_coverageSchema":"43e27e138ebf9cfc5966b082cf9a028302ed4184","hash":"7e38b392ec4447e084230b5ad095721aab679b54"}
,"/Users/anton_paskanny/Documents/Studying/Front-end/anton-paskanny.github.io/ReactJS-course/src/client/containers/MovieDetail.js": {"path":"/Users/anton_paskanny/Documents/Studying/Front-end/anton-paskanny.github.io/ReactJS-course/src/client/containers/MovieDetail.js","statementMap":{"0":{"start":{"line":6,"column":24},"end":{"line":9,"column":2}},"1":{"start":{"line":6,"column":34},"end":{"line":9,"column":1}},"2":{"start":{"line":11,"column":27},"end":{"line":18,"column":2}},"3":{"start":{"line":11,"column":40},"end":{"line":18,"column":1}},"4":{"start":{"line":13,"column":8},"end":{"line":13,"column":34}},"5":{"start":{"line":16,"column":8},"end":{"line":16,"column":31}}},"fnMap":{"0":{"name":"(anonymous_0)","decl":{"start":{"line":6,"column":24},"end":{"line":6,"column":25}},"loc":{"start":{"line":6,"column":34},"end":{"line":9,"column":1}},"line":6},"1":{"name":"(anonymous_1)","decl":{"start":{"line":11,"column":27},"end":{"line":11,"column":28}},"loc":{"start":{"line":11,"column":40},"end":{"line":18,"column":1}},"line":11},"2":{"name":"(anonymous_2)","decl":{"start":{"line":12,"column":4},"end":{"line":12,"column":5}},"loc":{"start":{"line":12,"column":20},"end":{"line":14,"column":5}},"line":12},"3":{"name":"(anonymous_3)","decl":{"start":{"line":15,"column":4},"end":{"line":15,"column":5}},"loc":{"start":{"line":15,"column":17},"end":{"line":17,"column":5}},"line":15}},"branchMap":{},"s":{"0":3,"1":6,"2":3,"3":6,"4":7,"5":1},"f":{"0":6,"1":6,"2":7,"3":1},"b":{},"_coverageSchema":"43e27e138ebf9cfc5966b082cf9a028302ed4184","hash":"f7252568f72d8a6fcf187c204c6b131ecae31b4c"}
,"/Users/anton_paskanny/Documents/Studying/Front-end/anton-paskanny.github.io/ReactJS-course/src/client/containers/MovieResults.js": {"path":"/Users/anton_paskanny/Documents/Studying/Front-end/anton-paskanny.github.io/ReactJS-course/src/client/containers/MovieResults.js","statementMap":{"0":{"start":{"line":6,"column":24},"end":{"line":11,"column":2}},"1":{"start":{"line":6,"column":34},"end":{"line":11,"column":1}},"2":{"start":{"line":13,"column":27},"end":{"line":20,"column":2}},"3":{"start":{"line":13,"column":40},"end":{"line":20,"column":1}},"4":{"start":{"line":15,"column":8},"end":{"line":15,"column":35}},"5":{"start":{"line":18,"column":8},"end":{"line":18,"column":42}}},"fnMap":{"0":{"name":"(anonymous_0)","decl":{"start":{"line":6,"column":24},"end":{"line":6,"column":25}},"loc":{"start":{"line":6,"column":34},"end":{"line":11,"column":1}},"line":6},"1":{"name":"(anonymous_1)","decl":{"start":{"line":13,"column":27},"end":{"line":13,"column":28}},"loc":{"start":{"line":13,"column":40},"end":{"line":20,"column":1}},"line":13},"2":{"name":"(anonymous_2)","decl":{"start":{"line":14,"column":4},"end":{"line":14,"column":5}},"loc":{"start":{"line":14,"column":21},"end":{"line":16,"column":5}},"line":14},"3":{"name":"(anonymous_3)","decl":{"start":{"line":17,"column":4},"end":{"line":17,"column":5}},"loc":{"start":{"line":17,"column":29},"end":{"line":19,"column":5}},"line":17}},"branchMap":{},"s":{"0":1,"1":0,"2":1,"3":0,"4":0,"5":0},"f":{"0":0,"1":0,"2":0,"3":0},"b":{},"_coverageSchema":"43e27e138ebf9cfc5966b082cf9a028302ed4184","hash":"18a393143bcf8a8b125dc4db8e10529a89d56b7a"}
,"/Users/anton_paskanny/Documents/Studying/Front-end/anton-paskanny.github.io/ReactJS-course/src/client/containers/Search.js": {"path":"/Users/anton_paskanny/Documents/Studying/Front-end/anton-paskanny.github.io/ReactJS-course/src/client/containers/Search.js","statementMap":{"0":{"start":{"line":6,"column":27},"end":{"line":10,"column":2}},"1":{"start":{"line":6,"column":40},"end":{"line":10,"column":1}},"2":{"start":{"line":8,"column":8},"end":{"line":8,"column":35}}},"fnMap":{"0":{"name":"(anonymous_0)","decl":{"start":{"line":6,"column":27},"end":{"line":6,"column":28}},"loc":{"start":{"line":6,"column":40},"end":{"line":10,"column":1}},"line":6},"1":{"name":"(anonymous_1)","decl":{"start":{"line":7,"column":4},"end":{"line":7,"column":5}},"loc":{"start":{"line":7,"column":21},"end":{"line":9,"column":5}},"line":7}},"branchMap":{},"s":{"0":2,"1":0,"2":0},"f":{"0":0,"1":0},"b":{},"_coverageSchema":"43e27e138ebf9cfc5966b082cf9a028302ed4184","hash":"e2bffc45312540f87633451af5e18d5d78f4df96"}
,"/Users/anton_paskanny/Documents/Studying/Front-end/anton-paskanny.github.io/ReactJS-course/src/tests/mocks/dataMock.js": {"path":"/Users/anton_paskanny/Documents/Studying/Front-end/anton-paskanny.github.io/ReactJS-course/src/tests/mocks/dataMock.js","statementMap":{"0":{"start":{"line":1,"column":25},"end":{"line":14,"column":1}}},"fnMap":{},"branchMap":{},"s":{"0":2},"f":{},"b":{},"_coverageSchema":"43e27e138ebf9cfc5966b082cf9a028302ed4184","hash":"dd290fb91c2e4ee10df440b93e3e2a756e07ba37"}
,"/Users/anton_paskanny/Documents/Studying/Front-end/anton-paskanny.github.io/ReactJS-course/src/tests/mocks/styleMock.js": {"path":"/Users/anton_paskanny/Documents/Studying/Front-end/anton-paskanny.github.io/ReactJS-course/src/tests/mocks/styleMock.js","statementMap":{"0":{"start":{"line":1,"column":0},"end":{"line":1,"column":20}}},"fnMap":{},"branchMap":{},"s":{"0":7},"f":{},"b":{},"_coverageSchema":"43e27e138ebf9cfc5966b082cf9a028302ed4184","hash":"5f571b72d972eb3046771282df2e16061910f6a1"}
}
