TN:
SF:D:\anton-paskanny.github.io\ReactJS-course\src\client\utils.js
FNF:0
FNH:0
DA:1,8
LF:1
LH:1
BRF:0
BRH:0
end_of_record
TN:
SF:D:\anton-paskanny.github.io\ReactJS-course\src\client\actions\movie.js
FN:6,(anonymous_0)
FN:11,(anonymous_1)
FN:16,(anonymous_2)
FN:21,(anonymous_3)
FNF:4
FNH:4
FNDA:12,(anonymous_0)
FNDA:1,(anonymous_1)
FNDA:2,(anonymous_2)
FNDA:3,(anonymous_3)
DA:1,4
DA:2,4
DA:3,4
DA:4,4
DA:6,12
DA:11,4
DA:16,4
DA:21,4
LF:8
LH:8
BRF:0
BRH:0
end_of_record
TN:
SF:D:\anton-paskanny.github.io\ReactJS-course\src\client\actions\movies.js
FN:7,(anonymous_0)
FN:12,(anonymous_1)
FN:17,(anonymous_2)
FN:22,(anonymous_3)
FN:27,(anonymous_4)
FNF:5
FNH:5
FNDA:1,(anonymous_0)
FNDA:1,(anonymous_1)
FNDA:1,(anonymous_2)
FNDA:1,(anonymous_3)
FNDA:1,(anonymous_4)
DA:1,3
DA:2,3
DA:3,3
DA:4,3
DA:5,3
DA:7,3
DA:12,3
DA:17,3
DA:22,3
DA:27,3
LF:10
LH:10
BRF:0
BRH:0
end_of_record
TN:
SF:D:\anton-paskanny.github.io\ReactJS-course\src\client\components\App.js
FN:9,(anonymous_0)
FNF:1
FNH:1
FNDA:1,(anonymous_0)
DA:9,1
DA:10,1
LF:2
LH:2
BRF:0
BRH:0
end_of_record
TN:
SF:D:\anton-paskanny.github.io\ReactJS-course\src\client\components\MovieResults\MovieResults.js
FN:27,(anonymous_0)
FN:31,(anonymous_1)
FN:39,(anonymous_2)
FN:45,(anonymous_3)
FN:59,(anonymous_4)
FN:65,(anonymous_5)
FN:76,(anonymous_6)
FN:81,(anonymous_7)
FN:82,(anonymous_8)
FN:84,(anonymous_9)
FN:93,(anonymous_10)
FN:99,(anonymous_11)
FN:109,(anonymous_12)
FNF:13
FNH:10
FNDA:5,(anonymous_0)
FNDA:3,(anonymous_1)
FNDA:0,(anonymous_2)
FNDA:8,(anonymous_3)
FNDA:0,(anonymous_4)
FNDA:0,(anonymous_5)
FNDA:24,(anonymous_6)
FNDA:6,(anonymous_7)
FNDA:7,(anonymous_8)
FNDA:21,(anonymous_9)
FNDA:2,(anonymous_10)
FNDA:2,(anonymous_11)
FNDA:8,(anonymous_12)
DA:28,5
DA:38,3
DA:39,0
DA:40,0
DA:41,0
DA:46,8
DA:47,1
DA:50,7
DA:51,1
DA:54,6
DA:55,0
DA:59,0
DA:61,0
DA:62,0
DA:65,0
DA:66,0
DA:69,0
DA:75,6
DA:76,6
DA:77,24
DA:82,7
DA:84,6
DA:85,21
DA:86,15
DA:89,6
DA:94,2
DA:95,1
DA:98,1
DA:100,2
DA:101,1
DA:104,1
DA:110,8
LF:32
LH:22
BRDA:38,0,0,0
BRDA:38,0,1,3
BRDA:38,1,0,3
BRDA:38,1,1,0
BRDA:38,1,2,0
BRDA:46,2,0,1
BRDA:46,2,1,7
BRDA:50,3,0,1
BRDA:50,3,1,6
BRDA:54,4,0,0
BRDA:54,4,1,6
BRDA:55,5,0,0
BRDA:55,5,1,0
BRDA:61,6,0,0
BRDA:61,6,1,0
BRDA:85,7,0,15
BRDA:85,7,1,6
BRDA:94,8,0,1
BRDA:94,8,1,1
BRDA:100,9,0,1
BRDA:100,9,1,1
BRDA:118,10,0,1
BRDA:118,10,1,7
BRF:23
BRH:15
end_of_record
TN:
SF:D:\anton-paskanny.github.io\ReactJS-course\src\client\components\MovieResults\SortPanel\SortPanel.js
FN:6,(anonymous_0)
FN:8,(anonymous_1)
FN:9,(anonymous_2)
FN:17,(anonymous_3)
FN:26,(anonymous_4)
FN:28,(anonymous_5)
FNF:6
FNH:6
FNDA:10,(anonymous_0)
FNDA:7,(anonymous_1)
FNDA:14,(anonymous_2)
FNDA:7,(anonymous_3)
FNDA:9,(anonymous_4)
FNDA:3,(anonymous_5)
DA:6,3
DA:8,10
DA:9,7
DA:10,14
DA:17,10
DA:18,7
DA:26,10
DA:27,9
DA:28,3
DA:30,2
DA:33,7
DA:37,10
DA:38,1
DA:41,9
LF:14
LH:14
BRDA:11,0,0,7
BRDA:11,0,1,7
BRDA:27,1,0,2
BRDA:27,1,1,7
BRDA:30,2,0,1
BRDA:30,2,1,1
BRDA:33,3,0,6
BRDA:33,3,1,1
BRDA:37,4,0,1
BRDA:37,4,1,9
BRDA:46,5,0,9
BRDA:46,5,1,7
BRF:12
BRH:12
end_of_record
TN:
SF:D:\anton-paskanny.github.io\ReactJS-course\src\client\components\footer\Footer.js
FN:5,(anonymous_0)
FNF:1
FNH:1
FNDA:1,(anonymous_0)
DA:5,2
DA:6,1
LF:2
LH:2
BRF:0
BRH:0
end_of_record
TN:
SF:D:\anton-paskanny.github.io\ReactJS-course\src\client\components\header\Header.js
FN:7,(anonymous_0)
FNF:1
FNH:1
FNDA:1,(anonymous_0)
DA:7,2
DA:8,1
LF:2
LH:2
BRF:0
BRH:0
end_of_record
TN:
SF:D:\anton-paskanny.github.io\ReactJS-course\src\client\components\header\HeaderDetail.js
FN:8,(anonymous_0)
FNF:1
FNH:1
FNDA:3,(anonymous_0)
DA:8,2
DA:9,3
LF:2
LH:2
BRF:0
BRH:0
end_of_record
TN:
SF:D:\anton-paskanny.github.io\ReactJS-course\src\client\components\movie\Movie.js
FN:6,(anonymous_0)
FN:9,renderGenres
FN:10,(anonymous_2)
FNF:3
FNH:3
FNDA:2,(anonymous_0)
FNDA:2,renderGenres
FNDA:4,(anonymous_2)
DA:6,3
DA:7,2
DA:10,2
DA:11,4
DA:20,2
LF:5
LH:5
BRDA:10,0,0,2
BRDA:10,0,1,2
BRDA:11,1,0,2
BRDA:11,1,1,2
BRF:4
BRH:4
end_of_record
TN:
SF:D:\anton-paskanny.github.io\ReactJS-course\src\client\components\movie\MovieDetail\MovieDetail.js
FN:10,(anonymous_0)
FN:14,(anonymous_1)
FN:20,(anonymous_2)
FN:24,(anonymous_3)
FN:25,(anonymous_4)
FN:30,(anonymous_5)
FN:35,(anonymous_6)
FNF:7
FNH:7
FNDA:6,(anonymous_0)
FNDA:2,(anonymous_1)
FNDA:1,(anonymous_2)
FNDA:6,(anonymous_3)
FNDA:12,(anonymous_4)
FNDA:7,(anonymous_5)
FNDA:7,(anonymous_6)
DA:11,6
DA:15,2
DA:16,1
DA:21,1
DA:25,6
DA:26,12
DA:31,7
DA:32,7
DA:36,7
DA:38,6
DA:40,6
LF:11
LH:11
BRDA:15,0,0,1
BRDA:15,0,1,1
BRDA:25,1,0,6
BRDA:25,1,1,6
BRDA:36,2,0,1
BRDA:36,2,1,6
BRDA:36,3,0,7
BRDA:36,3,1,6
BRF:8
BRH:8
end_of_record
TN:
SF:D:\anton-paskanny.github.io\ReactJS-course\src\client\components\search\Search.js
FN:25,(anonymous_0)
FN:31,(anonymous_1)
FN:39,(anonymous_2)
FN:49,(anonymous_3)
FN:57,(anonymous_4)
FN:63,(anonymous_5)
FNF:6
FNH:6
FNDA:3,(anonymous_0)
FNDA:2,(anonymous_1)
FNDA:2,(anonymous_2)
FNDA:2,(anonymous_3)
FNDA:1,(anonymous_4)
FNDA:10,(anonymous_5)
DA:26,3
DA:32,2
DA:34,2
DA:35,1
DA:38,1
DA:40,2
DA:41,1
DA:44,1
DA:50,2
DA:52,2
DA:53,1
DA:56,1
DA:57,1
DA:58,1
DA:60,1
DA:64,10
LF:16
LH:16
BRDA:34,0,0,1
BRDA:34,0,1,1
BRDA:40,1,0,1
BRDA:40,1,1,1
BRDA:52,2,0,1
BRDA:52,2,1,1
BRF:6
BRH:6
end_of_record
TN:
SF:D:\anton-paskanny.github.io\ReactJS-course\src\client\components\search\SearchFilter\SearchFilter.js
FN:6,(anonymous_0)
FN:7,(anonymous_1)
FN:16,(anonymous_2)
FNF:3
FNH:3
FNDA:7,(anonymous_0)
FNDA:14,(anonymous_1)
FNDA:7,(anonymous_2)
DA:7,7
DA:8,14
DA:17,7
LF:3
LH:3
BRDA:10,0,0,7
BRDA:10,0,1,7
BRF:2
BRH:2
end_of_record
TN:
SF:D:\anton-paskanny.github.io\ReactJS-course\src\client\components\search\SearchInput\SearchInput.js
FN:3,(anonymous_0)
FNF:1
FNH:1
FNDA:10,(anonymous_0)
DA:3,3
DA:4,10
LF:2
LH:2
BRF:0
BRH:0
end_of_record
TN:
SF:D:\anton-paskanny.github.io\ReactJS-course\src\client\components\shared\Spinner\Spinner.js
FN:5,(anonymous_0)
FNF:1
FNH:1
FNDA:1,(anonymous_0)
DA:6,1
LF:1
LH:1
BRF:0
BRH:0
end_of_record
TN:
SF:D:\anton-paskanny.github.io\ReactJS-course\src\client\containers\MovieDetail.js
FN:6,(anonymous_0)
FN:11,(anonymous_1)
FN:12,(anonymous_2)
FN:15,(anonymous_3)
FNF:4
FNH:4
FNDA:6,(anonymous_0)
FNDA:6,(anonymous_1)
FNDA:7,(anonymous_2)
FNDA:1,(anonymous_3)
DA:6,6
DA:11,6
DA:13,7
DA:16,1
LF:4
LH:4
BRF:0
BRH:0
end_of_record
TN:
SF:D:\anton-paskanny.github.io\ReactJS-course\src\client\containers\MovieResults.js
FN:6,(anonymous_0)
FN:13,(anonymous_1)
FN:14,(anonymous_2)
FN:17,(anonymous_3)
FNF:4
FNH:0
FNDA:0,(anonymous_0)
FNDA:0,(anonymous_1)
FNDA:0,(anonymous_2)
FNDA:0,(anonymous_3)
DA:6,1
DA:13,1
DA:15,0
DA:18,0
LF:4
LH:2
BRF:0
BRH:0
end_of_record
TN:
SF:D:\anton-paskanny.github.io\ReactJS-course\src\client\containers\Search.js
FN:6,(anonymous_0)
FN:7,(anonymous_1)
FNF:2
FNH:0
FNDA:0,(anonymous_0)
FNDA:0,(anonymous_1)
DA:6,2
DA:8,0
LF:2
LH:1
BRF:0
BRH:0
end_of_record
TN:
SF:D:\anton-paskanny.github.io\ReactJS-course\src\tests\mocks\dataMock.js
FNF:0
FNH:0
DA:1,4
DA:16,4
LF:2
LH:2
BRF:0
BRH:0
end_of_record
TN:
SF:D:\anton-paskanny.github.io\ReactJS-course\src\tests\mocks\styleMock.js
FNF:0
FNH:0
DA:1,9
LF:1
LH:1
BRF:0
BRH:0
end_of_record
